
*** Running vivado
    with args -log design_1_axi_gpio_5_0.vds -m64 -product Vivado -mode batch -messageDb vivado.pb -notrace -source design_1_axi_gpio_5_0.tcl


ECHO is off.
ECHO is off.

****** Vivado v2023.2.2 (64-bit)
  **** SW Build 4126759 on Thu Feb  8 23:53:51 MST 2024
  **** IP Build 4126054 on Fri Feb  9 11:39:09 MST 2024
  **** SharedData Build 4115275 on Tue Jan 30 00:40:57 MST 2024
    ** Copyright 1986-2022 Xilinx, Inc. All Rights Reserved.
    ** Copyright 2022-2024 Advanced Micro Devices, Inc. All Rights Reserved.

source design_1_axi_gpio_5_0.tcl -notrace
create_project: Time (s): cpu = 00:00:05 ; elapsed = 00:00:14 . Memory (MB): peak = 567.562 ; gain = 246.469
INFO: [IP_Flow 19-6924] IPCACHE: Running cache check for IP inst: design_1_axi_gpio_5_0
INFO: [IP_Flow 19-6922] IPCACHE: Exporting cached entry 0ecb7453766a29fa to dir: C:/Users/ADMIN/OneDrive/GitHub/Optimization_RISC-V/Implementation/Arty/Arty.runs/design_1_axi_gpio_5_0_synth_1
INFO: [IP_Flow 19-6928] IPCACHE: copied cached file c:/Users/ADMIN/OneDrive/GitHub/Optimization_RISC-V/Implementation/Arty/Arty.cache/ip/2023.2.2/0/e/0ecb7453766a29fa/design_1_axi_gpio_8_0.dcp to C:/Users/ADMIN/OneDrive/GitHub/Optimization_RISC-V/Implementation/Arty/Arty.runs/design_1_axi_gpio_5_0_synth_1/design_1_axi_gpio_5_0.dcp.
INFO: [IP_Flow 19-6928] IPCACHE: copied cached file c:/Users/ADMIN/OneDrive/GitHub/Optimization_RISC-V/Implementation/Arty/Arty.cache/ip/2023.2.2/0/e/0ecb7453766a29fa/design_1_axi_gpio_8_0_sim_netlist.v to C:/Users/ADMIN/OneDrive/GitHub/Optimization_RISC-V/Implementation/Arty/Arty.runs/design_1_axi_gpio_5_0_synth_1/design_1_axi_gpio_5_0_sim_netlist.v.
INFO: [IP_Flow 19-6928] IPCACHE: copied cached file c:/Users/ADMIN/OneDrive/GitHub/Optimization_RISC-V/Implementation/Arty/Arty.cache/ip/2023.2.2/0/e/0ecb7453766a29fa/design_1_axi_gpio_8_0_sim_netlist.vhdl to C:/Users/ADMIN/OneDrive/GitHub/Optimization_RISC-V/Implementation/Arty/Arty.runs/design_1_axi_gpio_5_0_synth_1/design_1_axi_gpio_5_0_sim_netlist.vhdl.
INFO: [IP_Flow 19-6928] IPCACHE: copied cached file c:/Users/ADMIN/OneDrive/GitHub/Optimization_RISC-V/Implementation/Arty/Arty.cache/ip/2023.2.2/0/e/0ecb7453766a29fa/design_1_axi_gpio_8_0_stub.v to C:/Users/ADMIN/OneDrive/GitHub/Optimization_RISC-V/Implementation/Arty/Arty.runs/design_1_axi_gpio_5_0_synth_1/design_1_axi_gpio_5_0_stub.v.
INFO: [IP_Flow 19-6928] IPCACHE: copied cached file c:/Users/ADMIN/OneDrive/GitHub/Optimization_RISC-V/Implementation/Arty/Arty.cache/ip/2023.2.2/0/e/0ecb7453766a29fa/design_1_axi_gpio_8_0_stub.vhdl to C:/Users/ADMIN/OneDrive/GitHub/Optimization_RISC-V/Implementation/Arty/Arty.runs/design_1_axi_gpio_5_0_synth_1/design_1_axi_gpio_5_0_stub.vhdl.
INFO: [IP_Flow 19-4838] Using cached IP synthesis design for IP design_1_axi_gpio_5_0, cache-ID = 0ecb7453766a29fa.
INFO: [Common 17-206] Exiting Vivado at Mon Apr 15 16:14:42 2024...
